2246
2905
5212
18457
21531
23312
28625
32173
35569
36030
43325
44600
44879
48830
51529
54082
65819
66602
67918
73851
73941
79445
85274
87765
89173
89413
95061
97468
100546
103349
108118
108582
110198
114614
116467
117277
118607
120710
122847
126506
127829
133070
140796
142619
145551
148366
151433
152960
153276
158661
160380
165194
166343
167638
171088
174068
175012
176230
178737
179498
180541
187191
192380
195747
202363
206726
207673
209442
210013
213259
218005
219757
223206
226341
228445
228805
229321
229905
231012
233368
235129
238336
241874
243556
247256
248627
252997
254587
255764
256191
258271
259471
260757
262010
267606
268140
268981
272814
275857
276122
276966
278612
280525
281937
288820
290072
295500
297540
298491
305625
306641
308543
311706
313751
316438
318777
319302
321802
322228
322405
324915
327685
332872
335929
336328
338083
340714
344044
344819
346229
346492
346620
348095
348143
352299
353896
354341
363369
365085
366144
368691
370164
371156
373744
376349
377374
379108
383427
385645
387982
388465
392755
393585
401256
402337
406220
408283
409504
412925
413785
418419
419380
420926
421994
422091
425662
426809
429690
433453
436841
441501
442063
443377
445885
451660
452552
455307
455737
465783
466997
467588
468859
469787
469842
470125
473417
473731
477085
478043
480571
484422
486716
487132
490028
493452
495995
497282
499337
502652
502955
503466
512184
513927
513930
515435
516650
517446
517722
518150
520060
530020
532037
537765
544920
548900
549677
558441
560281
565985
566414
569918
570493
573318
573623
573794
575199
575322
575580
586709
594325
595369
597489
602423
606043
612400
612903
613811
614770
616125
617506
621730
625211
634023
636227
636916
639530
641422
645631
647626
648523
651435
657200
660337
661238
661314
664371
665124
667373
668851
669180
670689
679293
681096
684931
688210
689773
692778
695789
697714
698587
698928
700724
702306
702568
703136
704568
705404
706888
709860
710098
713774
721861
722863
723059
724287
738098
739300
739669
740085
741223
744730
747794
747797
750847
755423
755591
755937
757035
759356
759957
760493
763921
776092
777857
783899
789225
792351
794396
797370
798316
803527
805733
806863
808934
811128
811306
811973
819583
821397
829151
834482
845895
854539
855543
864820
867270
867622
872354
878207
885387
887344
888229
890676
892922
894429
897764
898168
898538
898815
899229
900974
901475
903882
905386
905772
906997
907670
908236
911341
911900
915668
925858
926653
930887
936988
937733
939508
939812
942591
947179
947469
947740
949300
952927
953866
955940
956430
958032
959709
960379
961394
962601
964444
964684
975408
979803
981777
987744
990365
993369
996659
997302
999171
999933
38046
82
570
682
3034
3494
9098
11018
12498
14413
15721
20128
26273
26305
27285
28068
31327
31537
32461
32920
33003
33334
34946
35022
35218
35326
36160
37526
39022
40744
41806
47642
53145
53960
56553
56857
57523
58026
58110
59427
59480
60029
60050
60911
62950
66250
66343
68978
76377
77376
77889
79297
80155
80929
80968
82196
86991
89160
89439
90033
90429
92623
95821
97488
100238
101361
101840
102748
102830
104340
107206
107723
109486
110295
110700
110992
112298
121309
122574
124031
125850
127956
132003
132134
133590
134048
138378
138723
139933
140529
141724
144501
146082
149315
152041
152275
152434
154260
160270
160359
170338
171693
172262
173110
174233
178225
186594
187517
189436
191310
193513
196432
197315
198988
199182
199760
202255
202901
204347
204917
205058
208325
209189
209934
210499
211389
214678
215351
217463
218190
218594
220854
222843
226058
228024
228459
228795
230298
235190
235380
238047
241082
245197
245831
245976
247644
247687
250263
250574
251747
252716
253415
260290
261797
262755
266749
266762
271233
272380
273304
274571
275570
277218
277686
278051
279208
282135
290597
292123
294893
298286
299709
299905
300607
300926
301040
302648
304790
305154
306711
307399
308903
311132
311575
311777
313564
319530
319848
321649
322533
323876
324177
325579
326718
327815
328206
332232
333379
334472
335822
336504
343769
344235
349251
349615
355116
356621
356729
359212
359232
359416
363828
367771
367819
369634
370348
370889
372232
372261
372662
376883
378131
380596
381495
383304
384173
387091
387678
388028
390180
390359
390869
391522
392293
393741
395529
399135
400347
401948
405990
407972
409118
411899
413174
414640
415776
416950
418628
418658
419806
421245
423944
426816
433484
433519
436874
439215
443182
448037
449123
449292
450908
453827
454155
456683
457754
460009
462952
469912
473060
473789
474763
475777
478180
485055
487771
489115
490001
495344
495368
495426
498339
501963
502216
504235
504293
504795
505237
505364
506583
508861
513971
514501
515335
515798
516128
517568
518158
518809
518945
519126
519219
519935
522072
522536
524567
526310
528947
530127
532291
533150
533460
538840
539037
539391
539849
539863
541313
543438
543922
544267
544919
547085
549798
550254
550271
550552
552806
553542
554011
554099
554604
558956
561042
561887
563292
564286
565101
571044
575056
575224
576336
576591
582339
585796
588712
590182
590931
590965
591101
591172
591282
593094
593500
593615
596964
602727
608873
610538
613074
613203
613997
614031
617648
618997
620484
621270
621704
622955
626925
627322
630444
631234
631492
631627
633075
633418
634226
634995
636430
639007
641893
645730
647284
648519
649158
651137
651477
653517
653715
655341
658391
663951
666329
668364
669087
671339
673169
675106
679263
684279
686249
686764
687484
689127
689686
690361
690369
690614
692686
696533
697698
698572
703730
707557
709017
710874
712351
714905
717989
720091
720505
721121
722605
723383
723507
723619
725219
726313
726652
727089
730691
734714
735991
740050
740866
742588
742699
745692
745792
746140
748721
752507
754117
755630
756852
756971
760236
761153
764525
765405
767058
767869
768826
770479
771560
772758
772891
776788
777561
781487
784813
785148
785405
788356
789529
790418
794428
794584
796158
796893
798899
799052
799632
801053
801962
803075
804290
804311
806356
806368
806404
806733
810564
811784
816540
819081
825172
826608
826622
828203
828994
829205
830858
836837
844823
849959
850544
858271
858700
858970
860000
862807
870461
871138
875641
876983
880227
884851
885239
886060
887561
887983
888575
889619
889745
893530
894019
894978
895022
895152
895437
897491
897526
898507
901064
902022
903178
903191
903683
908539
909212
909366
909611
910254
914654
917956
925434
927336
933682
935711
936785
937458
938702
945054
945083
945487
947387
949909
955082
956043
961683
962505
963859
963982
966190
966951
967638
967858
970073
973814
974581
982031
984858
989684
990416
990784
994985
999755
78149
1172
1355
2607
3051
5217
7340
10432
10570
16260
18860
19305
19594
22182
22301
22766
22940
23788
25166
26653
27584
28829
33063
34987
36422
39876
40141
41352
41599
42660
43321
48499
48861
49614
52252
55806
56795
58753
62761
63134
63180
65187
68012
68507
68973
72642
73848
76218
77646
79343
79422
80309
84101
84304
86318
88132
88422
89369
90193
96108
96181
98481
98824
99356
99485
100670
101878
103125
104668
105341
105995
106313
107281
110116
113084
114545
115922
117833
120357
122273
124221
125384
126088
131490
132541
132558
134159
136105
137089
139054
146591
147516
148570
149011
149518
150110
150324
151226
152494
155711
157794
161529
161957
162036
162845
163037
167280
167717
169940
179335
180571
184681
185186
185678
186355
186710
187135
189301
190496
190953
194651
195512
196296
197931
199493
200802
201746
202907
206203
206798
206899
207395
207830
209096
210051
213172
217070
222408
222834
224548
225845
226514
227668
228399
230776
231350
232476
234141
235625
237893
238284
238958
240854
241889
242590
245563
247777
250775
251744
251991
253541
255813
255826
256509
258233
259632
260758
261901
262548
263371
263591
264030
264802
269560
273379
273680
275359
276126
277108
286142
287640
288821
289673
290637
291500
291639
291987
292539
293419
293470
295101
295880
297279
299854
300822
301184
302444
303606
303709
304214
304466
305001
306617
306630
311957
312087
312497
320153
321893
322043
322198
323173
323287
325362
329500
332701
335345
339644
340635
342014
342724
342734
346040
346093
352161
352347
353199
355857
360100
360872
361730
362125
363611
365160
365982
366798
367396
372306
372556
373350
373538
374296
375483
377018
379175
380903
382854
384281
385949
386967
387227
387410
388428
388778
389570
389874
390280
392736
395736
399016
400658
400961
402558
406425
406650
407331
408438
409913
409955
411642
413413
416749
416932
417541
417604
417720
418817
419018
420529
423429
423769
423920
425677
429650
432101
433891
434155
434574
442531
444585
446572
446913
448567
450031
451239
451547
453196
453334
456290
457915
458744
461076
463634
465003
465116
466128
470217
474977
475884
476365
478258
478500
482340
482438
485027
485270
486507
487331
488264
491299
491983
492374
492973
493246
494696
495012
495355
498434
498977
505405
505736
506519
510140
510636
511805
513900
517544
518108
519916
520020
522326
522687
522958
524644
526344
529155
532622
533293
546561
548160
549208
550400
551743
552064
552529
556838
558706
560998
561853
563971
564046
564350
564429
565422
565626
568112
568485
570004
570038
571473
571523
572554
572762
574883
576988
577691
578342
578763
580953
581033
581087
581516
581877
584265
584524
585206
585473
587543
587666
588157
588955
592335
593011
595098
596367
596912
596981
598090
598383
600939
602409
603787
609664
611791
612764
613092
615610
620095
621932
623288
623404
626800
628790
629392
631542
634317
635326
636354
637290
644429
646580
646705
648413
649719
650354
651795
654820
658926
660184
663199
665155
665156
665418
666705
666834
668365
668776
673340
675552
675635
676441
677419
678469
679665
680560
682752
683175
683398
688303
691088
691314
691762
692378
695569
696777
701536
702451
703663
704314
706142
706507
707132
709365
710050
711851
712996
713862
713887
713934
714938
716909
718903
720084
720173
720898
721387
724791
725063
725353
726815
734563
734674
734970
736627
740436
744264
747662
749155
754099
754553
755200
756869
757473
761080
764795
764798
766497
769830
774124
774316
774549
775475
781764
785906
786743
788968
791632
797566
798879
799427
799753
800031
801174
802672
804487
804900
804920
804979
806446
806774
808586
812723
815495
816340
826970
828827
829295
829614
830764
832934
834448
836611
837582
839852
840188
840517
841124
841198
841552
843025
843486
843882
846268
848154
851015
851321
851989
852635
854099
854388
856143
857465
865129
865726
867423
868099
873481
874090
874134
880382
881305
881520
885197
886464
890245
892439
893070
893142
898139
903567
906528
907362
914694
914801
916067
916171
916488
918185
919592
922327
922352
924394
925394
928578
929417
930165
932588
933932
933991
934684
938271
938330
939562
941063
942440
942492
943004
944977
945488
950187
952387
952742
953166
953667
954167
955952
959157
959296
959820
960597
960630
962933
963639
963954
966949
971727
974113
974803
975267
976506
976785
979970
980520
980711
981713
982640
982934
987335
989878
991609
992394
992727
992735
993019
993447
994315
994426
994572
994950
994986
995961
97560
4514
7058
8431
8694
9720
10947
11521
14812
17136
18185
18482
19541
22925
23183
25016
27459
27573
28862
29449
29502
29730
30097
31503
32539
33883
37127
37711
38321
38567
38586
38603
40927
42349
42773
43683
43861
45064
46008
48402
48978
49765
51736
53151
53419
53429
53543
53843
55383
58107
59561
59896
61649
62252
62719
62796
62959
64089
64473
64836
64902
66488
67698
68013
69411
71162
73000
73991
75705
77590
78409
78722
79691
82015
84293
87196
88110
88412
88583
89504
95816
97052
98739
99452
99902
101282
101663
101833
101997
103808
104698
104897
106893
110752
110912
112111
112133
112712
113237
114448
115465
115874
116633
119541
121785
121925
123091
125140
125973
126902
127683
128224
128826
130018
135019
135237
138001
138265
138645
139564
140293
141010
142497
143422
144855
145326
146791
148347
149956
150213
152987
153580
153675
154590
154932
155595
157266
159162
159652
160451
161709
162070
163043
164557
165458
172026
172498
176621
177291
179118
180530
181468
182314
182791
183333
183459
185161
186734
188535
189142
189169
189563
190159
190529
191654
193486
194466
194873
196009
197087
197236
197812
198531
199094
200849
201938
203108
203760
204106
205109
206658
207429
207467
209119
210526
211927
211984
213487
214637
216250
216440
217044
219171
220436
221118
223957
228372
230152
232677
232984
233022
235105
238503
238859
239834
241303
241708
242870
243429
243824
244565
244857
247036
248264
250733
251531
251769
252482
252834
253511
253682
255141
257756
258727
258804
259135
259684
262338
263749
265376
266357
270211
272001
272001
272785
273414
273880
274724
275445
277053
277884
278675
279137
279546
279877
286230
286978
295408
296359
296631
296985
297509
298130
299068
305251
305982
307072
307630
308423
309588
310841
311797
312852
313044
314108
314463
315266
315330
315645
320513
321930
325555
326645
327309
327631
327935
328365
331868
332974
333695
334108
334814
335165
336689
336719
336957
337243
337837
340013
340354
340948
341088
341090
341974
343445
347195
349145
352325
352950
352977
355512
356632
359217
360603
361247
362174
362298
363559
363924
363942
365761
365915
367564
368543
370449
371199
371255
373833
374730
374760
375862
376089
376926
377260
377471
377602
382701
382895
384796
386024
386148
386252
387143
387571
387709
387903
390524
390770
393800
395739
399827
401393
401434
402294
403135
404629
407459
408979
409561
410400
411306
411311
411557
412035
412083
413009
413070
413641
414423
415140
416759
418326
419370
422377
424261
424759
425835
426170
426556
426577
426702
428609
430208
431555
433879
435777
436158
437686
438015
438549
440377
443204
443371
445951
446287
447434
449300
449808
449834
450053
450128
450858
453597
454329
454834
458261
458794
459971
465627
466383
466789
467325
470642
472516
473440
473496
473568
473951
475790
476176
478005
479886
480551
480870
480879
481124
481136
481691
481885
482363
482782
483163
483317
484170
485214
485375
486767
488864
489211
492336
492500
492632
492729
493321
496747
499282
499951
500336
502309
502534
503767
505662
505905
506854
506953
510540
511383
511415
511626
512506
519717
520632
521091
524764
525340
526128
527352
527646
528781
529129
529491
531493
532429
534320
534570
534827
537284
537737
537798
537946
537968
539808
540638
541321
542554
544210
545191
545291
546351
546621
547043
547890
550659
551395
551515
551634
554164
554422
555568
556943
558629
559278
562958
563038
563073
564402
565221
565745
568617
569079
571476
572526
572602
572997
573791
574883
574888
580283
583959
586129
593631
594862
596535
596856
597699
598624
600770
600931
601486
602256
605808
606369
606629
608945
611411
613282
614512
614947
615056
615860
615950
616555
617458
617570
618018
618835
619205
620393
621863
621969
622627
623447
624894
628448
629781
630961
631288
631943
632558
632564
632855
633180
634296
634493
635768
637652
638148
638590
639635
639748
641239
643254
643462
644665
647228
648143
651900
652303
654188
654969
655805
657372
657903
658095
660057
661737
662881
665170
665221
667124
667128
669441
670807
673392
673950
674397
674536
674642
674783
675744
678156
678242
679782
680298
680590
681418
681984
682291
684368
686228
686975
687006
690627
690959
696635
698079
700011
700574
700700
700755
703448
704486
705361
705401
705711
707206
707655
707776
708314
709434
709879
710556
710648
710937
713172
713257
713847
714675
715236
716466
716952
720738
722491
726096
727209
727700
728259
728803
735048
736336
736907
736998
739222
741188
743295
746411
747037
747295
748697
750615
753320
753871
754674
757807
758864
760030
762112
765596
766423
766840
768483
768682
769410
769884
769943
770137
771802
772604
774187
774566
775276
776181
777378
777725
778694
779928
780769
782141
782720
784417
785293
785491
785507
785524
785901
787097
788778
790564
791695
792350
792725
793661
794058
794115
794537
795368
796523
798987
802346
803070
803194
803670
804713
813606
816072
816261
819354
820115
820660
821956
823294
823382
824072
825362
825801
825917
826265
827550
827835
827985
829091
830297
830324
830505
831743
833556
833935
834401
834685
834947
835413
835734
836755
837210
838288
838990
839367
841550
842054
843429
844050
845521
848342
848433
849811
850340
852624
852787
857345
857367
859964
860597
861121
862803
864841
865741
868449
869344
869389
869402
870038
870462
871001
873166
873514
874952
875058
880570
881424
882272
883853
886385
886629
887661
889261
891639
892162
895039
896500
898501
899552
900035
900659
906159
907855
910436
910876
911787
912268
914411
917670
918866
921281
926235
927495
928292
933008
933721
935696
938621
939014
939444
941485
943706
943881
946278
946551
949165
949731
951143
951319
952281
952367
959640
964126
964192
965015
966068
967138
967251
967722
971925
972799
975359
976258
976555
977806
979760
980457
980539
983045
984201
985589
986239
987800
988752
988866
990261
992201
992301
996967
997812
997947
999243
174498
1380
2781
6072
17639
21019
28657
34590
71007
83599
97219
104525
111545
116036
125316
134464
140187
160000
161003
171895
180238
184097
201115
241043
248618
251762
253492
259618
262433
264287
285315
300132
304436
313971
317825
320764
334780
343059
353826
357056
358642
360162
378338
386990
394081
403455
419963
432111
450251
457258
478980
480130
480710
500114
500839
503442
514996
527999
528785
534703
535327
535681
543484
567090
580745
598389
599175
608489
633767
642739
645108
654462
658083
664226
668785
671565
699357
704486
722836
728907
735329
765136
770712
771207
784285
785753
788925
797757
802943
805546
810013
830644
833024
833103
834854
846895
854043
854684
858054
874212
895842
907232
922597
930243
930960
935248
946633
950881
952848
966849
972418
992211
999214
3083
