10
1 2 999999
1 3 999999
1 4 346404
1 5 430072
2 3 742648
2 4 999999
2 5 831135
3 4 999999
3 5 999999
4 5 776476
1
1 2 999999
15
1 2 999999
1 3 652138
1 4 1192330
1 5 318184
1 6 726791
2 3 1493879
2 4 1709523
2 5 835377
2 6 999999
3 4 1102428
3 5 970322
3 6 999999
4 5 999999
4 6 999999
5 6 408607
45
1 2 825800
1 3 399438
1 4 117006
1 5 811775
1 6 436719
1 7 845742
1 8 826222
1 9 276856
1 10 907274
2 3 852098
2 4 942806
2 5 702452
2 6 655367
2 7 594078
2 8 716899
2 9 548944
2 10 812748
3 4 516444
3 5 675340
3 6 196731
3 7 783714
3 8 660893
3 9 676294
3 10 873281
4 5 694769
4 6 319713
4 7 803143
4 8 709216
4 9 393862
4 10 999999
5 6 834145
5 7 108374
5 8 14447
5 9 677260
5 10 355938
6 7 895220
6 8 848592
6 9 713575
6 10 999999
7 8 122821
7 9 568886
7 10 464312
8 9 691707
8 10 341491
9 10 630418
3
1 2 1270599
1 3 516463
2 3 999999
1
1 2 999999
10
1 2 562862
1 3 999999
1 4 440722
1 5 318488
2 3 858390
2 4 380511
2 5 258277
3 4 1238901
3 5 1116667
4 5 122234
1
1 2 705150
-1
-1
10
1 2 999999
1 3 999999
1 4 999999
1 5 999999
2 3 999999
2 4 999999
2 5 525657
3 4 999999
3 5 999999
4 5 999999
6
1 2 844871
1 3 261865
1 4 999999
2 3 583006
2 4 584349
3 4 983149
-1
45
1 2 200036
1 3 163204
1 4 413681
1 5 193508
1 6 411831
1 7 148665
1 8 244467
1 9 158777
1 10 231253
2 3 329437
2 4 316387
2 5 96214
2 6 314537
2 7 51371
2 8 444503
2 9 358813
2 10 286337
3 4 435650
3 5 233223
3 6 541232
3 7 278066
3 8 235069
3 9 321981
3 10 394457
4 5 220173
4 6 518000
4 7 265016
4 8 516913
4 9 431223
4 10 358747
5 6 308009
5 7 44843
5 8 437975
5 9 262599
5 10 190123
6 7 263166
6 8 379182
6 9 570608
6 10 498132
7 8 393132
7 9 307442
7 10 234966
8 9 230642
8 10 303118
9 10 72476
0
