472177
713856843
878439853
424613465
302785110
517022624
49680248
497571656
939581698
310546267
959101822
939568828
571869123
294516433
569715217
917487372
922026532
195115052
497801761
612085605
303469030
192035031
321239023
985796161
894318450
890633082
784645017
519026357
115372926
577281740
37081714
976153700
626383454
437474594
392199237
938314734
226939747
727293758
964617092
407992626
187901195
265434919
251963506
781402257
977836674
24359136
96410776
498760514
263000997
751538683
152383188
10281619
887299139
704838325
976184838
326783783
352842068
17264864
180932206
223713658
353347792
264422820
186690242
907318527
381317377
331651530
854812020
445927282
225044655
16687813
222746908
373473695
497045719
47238350
425994021
912127933
401805462
632543415
51906972
129668592
128380337
418238763
899589919
796848032
52536112
240942912
392197693
927123197
756336840
790660640
910080969
548116633
337218931
820695721
743616354
486249637
906366273
844345496
892800313
877719913
986689628
379964796
655553797
122842854
543551401
828007480
776545590
256616924
964732561
845649026
916516775
561051537
205207559
443860095
571262419
7174449
197872302
866992012
423985497
954147692
9312624
800726518
248283028
278884400
899138739
866453963
657339595
299130140
333182593
445611667
917738807
324283838
549719233
814457171
374445148
880348298
725191789
44562517
262823777
974036125
426841963
388950483
99655349
654799105
290597586
612261210
830740064
546647364
38827713
854678251
19758564
10340679
148807820
452474517
53673670
193576109
405792509
787268963
429628039
611210103
898522210
514257856
66424561
930051482
391705785
768723320
350721616
720472744
203333192
254276546
87010563
443152953
167074170
403781189
979626215
445786243
702924617
438552886
134221604
940283762
466728150
124756739
963161262
535067962
514683168
621862377
355094208
167673936
414771300
131674625
742012680
587437570
234988936
587689255
858022023
260897963
611104220
604923142
605768693
119395886
307694218
820149485
784260654
723205941
822580730
616594601
606485042
969592307
405510946
417883275
112172924
485952067
611092864
137952439
119344372
849860032
320369618
892850747
671489016
924848193
742519312
368892973
994539999
173277785
728732616
994254648
511935868
732667803
630100112
177245374
398693440
844167703
678778331
364808020
499573188
167761051
700506498
279670508
678317839
629165969
590673522
997639051
704321672
275139141
777745217
798671436
196657706
687991628
32195790
168633563
34538578
558508351
470598687
965644378
497512328
737104931
532771892
472455009
906362380
244687674
42661195
260060642
404662688
300317481
912707881
729785612
95440831
766919178
232175735
436136498
568921936
346308281
995138813
624937970
967200372
702172299
50699279
648572542
780549056
308335445
767023488
492699523
333144951
501478259
98641032
492749117
173879096
574723922
61062656
485977459
782517454
370211901
315894898
269574178
788241140
77582637
100892311
103410553
708384779
396324733
569064245
816377129
826903692
351941966
959485586
233415766
501134899
96098774
733501640
759340134
751822828
43159242
419225549
561977988
518103750
11022550
828945232
732802393
542139855
735890826
127507620
961936100
100438618
570974966
579195164
136128261
685035044
124491288
24429035
271964131
695696245
699990095
469885159
89393194
165074413
20329069
289292806
593539615
824309689
510653586
89884598
85845327
265976780
253778408
418235753
382515754
260779402
520480098
260567847
434221044
481576663
850980933
449311611
76273228
101916125
648707562
964775010
958155491
951247190
932672522
438806661
699971590
731857479
707866540
205424212
321041909
61231143
79971618
50235140
993336562
454409022
113520312
267983889
967355623
305340313
993300690
280187229
404265744
83115203
537119206
647484003
120388177
464684238
374878330
926822115
953271835
409933876
71662289
328793126
914040008
74958206
728348257
734873898
326508856
641725862
76623270
383733898
965987311
169517907
241019582
140587294
506047746
11799943
272558104
979343026
315736466
361704534
773200996
94335122
939484195
139123721
918432269
305772318
686364580
226493981
415613099
621711946
664387324
470452451
227518860
782343305
164006008
85700182
355660163
638145019
200606634
343779931
570755535
730282673
848869165
111954632
793601895
688070569
272909711
188379890
308294751
358533651
226440354
128843237
976661673
237468591
841629337
525706381
760191394
713218811
57812519
606415063
744169975
370555128
845300516
146891623
446418184
994254648
6477891
134507750
945888024
637367323
592047
222013082
874043175
662329735
222807007
212778369
279367291
820444519
717748786
675450007
65404017
181663396
539496239
871824481
48718272
61490672
832890694
386700830
312449019
912423197
288576427
718008268
399314900
422187229
643881036
452642471
72261318
811329139
116920890
198180863
434489736
274942233
412084026
449722673
79919493
605497006
98334126
640449773
624810256
228474515
500987811
92408014
915665414
67320277
684669804
723635837
113507839
624921082
297082140
308342993
59375394
331256519
856542564
183148009
31381854
673152011
417494417
162882301
524835735
541134808
16218856
298887879
266288335
825088704
632578139
768043036
404995989
81937482
637481323
427099957
980786644
437204646
991071928
77687417
322194060
137417258
461790091
460730684
536773196
915943918
479822395
170395086
885477960
914489024
848530613
984418841
166240706
36024446
242719777
511509432
465106184
735741922
530833376
298193575
475761342
703565587
508626663
990124387
253729671
404168619
914686199
955270768
924320569
666450278
235093264
827992631
985568428
738919984
16905815
643736092
26802768
832345120
163241440
935778045
132179847
978359783
606925859
25522449
805465106
685410188
733730079
269372221
708061280
121449341
800642657
489856072
628403521
727185894
3748045
679827046
647143545
832239453
249293251
528538046
525484773
797450039
737003601
806831959
834694158
907350834
697161963
347362788
591069362
31564008
332377176
56052741
507960263
936269045
847909949
955378445
960052151
118717728
845900180
927825590
941493229
84508833
505954273
492001834
145392363
739126864
772920037
657448607
395612848
121792958
626236569
941175241
595657636
428535290
605154013
890482396
19334696
904505773
876536514
437620558
440800006
698367069
405599455
498317551
372810370
360112501
296128302
220004168
997716998
322473153
713519293
720207044
910596193
609278675
288611114
937129947
800717888
882198392
66869879
98932535
517737426
739785024
526790680
697980156
871448964
882543949
500291893
473594893
84508725
7143805
248100642
619309136
630719847
705900233
339954291
114075496
614265931
447559435
735749646
324533065
257511070
61753180
4183200
933562493
113705174
7724790
213794868
194093821
109554219
435142171
980721000
446830193
497986293
706922802
837892914
326186876
359907621
542189431
994548911
436096705
475387607
785205094
853055967
310009111
760333028
580946021
975519698
210804390
410129629
481099968
795629212
276240493
148190949
735643592
810220305
960699808
996746058
304679462
11913633
996620515
601784319
473876651
706300205
730266823
261838672
939296022
343429984
620043783
344886494
427321339
884903337
791188548
476498313
758296085
481345690
846328573
722614155
683848515
288439040
139510744
451759792
499054443
935433548
752960071
764394679
119290738
76471325
895919866
730876228
927022597
291819187
849544192
85629544
941611413
552187466
215246062
294139922
882171896
786054538
484694007
523454231
720072921
53757827
372767799
580962846
845301037
760866794
623640908
180492904
588661345
298594606
247093605
809436963
892320600
605802290
350019505
98916564
216070509
327666270
241095296
794677137
59371750
775655813
135984105
690429849
704079663
96778494
614857678
484060122
709489311
217426778
8125121
946624089
675597829
975814630
670076127
689113459
119508609
904247465
751953214
539570056
827957880
353716567
229608635
619305672
633539125
987005742
582578537
923513955
689297660
27394514
565135723
297313714
295246134
528617522
741180473
367400660
55893526
252851857
297363743
469536440
319152090
110350938
174732825
94553497
122686803
324611602
799457632
382021082
13061771
628573524
947989146
869397105
301762138
763844648
561026647
125856790
236847634
548308544
538454848
841866060
870413218
797819763
359195555
636695459
195708866
50253090
909835459
995258014
967779875
573656876
810016247
541366691
340248846
248967540
762031132
425773592
644958254
454588067
882101568
2634383
479797370
713131318
402510143
364120577
520288455
3456845
183967439
679952330
165553676
969570289
162485891
401440446
854475109
812897099
375680777
306918009
421128807
570682184
290588476
907411952
73582631
582129749
227626295
63523396
86112629
201794787
64745361
714127550
442575994
179657368
614789154
418036984
972286754
813820368
42590141
63002139
499520429
662780853
896565428
835712318
608061633
117518269
26721557
765229054
795555232
243171845
752489363
820387360
839749885
410792980
869723203
544819799
241117925
990637540
869144516
103495648
420936885
33770587
483629098
460139859
887231516
63615995
232784784
65011983
474500164
532878742
575433019
456181284
658259255
190839866
418205359
797388454
25356161
296514402
53755509
424046151
711297550
959200741
449463758
659262788
826645368
113049938
516931980
539311584
760853081
655226823
130386456
823596662
216203600
3780755
916280628
239573996
662894492
757027738
812055167
214493086
717221134
187014292
174278240
552230704
998734974
820330566
810383413
839835884
693519911
28083913
485253816
344415802
733102745
76593804
624036300
529460993
374760249
783645771
225989015
518294122
559915553
323323582
242345987
779251037
901440562
490891070
805447347
13282798
629238496
223394177
500747878
809448174
905359798
658554692
367291767
871612695
242334068
963357566
239232027
534597891
950610762
190695015
520055407
886448819
500380615
870717417
500903439
528113737
721231082
285294199
495832649
742450553
529679714
27897614
209707583
103581536
776007024
279452307
268366241
175633139
103853268
557445716
122551295
369665351
244889455
209452275
552819718
326845244
807203507
993612113
611714128
270918089
990467425
412863640
384910354
259396938
861257432
257273660
167798107
860589452
323395824
670734174
358960555
920523824
882078918
14261828
29322845
989860238
216879670
616736664
144024507
469922278
207425577
993836024
782917465
198602809
987254101
578145816
114808099
523857793
187417918
329396297
217500282
196616609
713184949
400446376
255326494
78262198
23703352
314846413
507568439
760183639
202650743
903505577
147919780
742700459
444199776
180657192
190874932
40152547
335828405
134505562
315662119
80927616
692614525
794155228
593887718
517393
752137773
320720704
895168999
307895085
116285283
773086368
738026025
177527926
159047386
873138868
863254464
26050349
397270374
50288677
83727461
503475726
866284972
639466417
960545250
316814843
527669442
436275218
248432952
773374081
266425581
637450233
307563566
65603385
516201754
441568538
561484275
783444204
23424288
574077547
881160229
103198306
663605938
124170649
125221896
852088219
814022935
952680110
779651163
551553686
540824539
274803195
323218463
765480925
39486016
425790201
176063490
132171254
194720801
525456846
596088366
758283615
911396107
772303367
264524706
162002529
938468158
91099031
958155848
127945134
755646987
683418295
74523200
427057670
501808520
925068531
311299084
943276282
608866952
784049840
165763371
310547547
823022178
969458899
812435999
469393425
111719006
412031864
2754661
145357871
473401804
805888736
507876716
524751368
535463775
824227471
300760021
216026068
75045573
907140666
852555445
223133501
206604885
181830155
454185426
933315255
680768869
813187930
279307809
934571860
781938697
802341191
326604957
249394970
761784761
406117032
412136781
761474989
360732126
487462935
681320313
974027749
448218765
172182904
321070827
414891233
41738713
768226708
597593009
213695097
49024872
969044594
340668583
955161716
140373545
917804420
560588498
39296506
137375691
1518795
710822044
729242658
532872577
409117688
127769679
238151910
339928307
664737280
322336743
707076870
776930274
354448715
973568688
511159234
594441308
583825915
718233012
218240318
294186490
862189355
59238217
67932420
371258124
884777496
404773303
740322502
879237144
666216445
663993583
125367891
497439693
481678776
660208767
855286206
306640485
660609337
825132808
412257431
285792128
701429074
38514883
966152359
143034543
296421651
845034974
538777507
8378950
61190416
618489331
426398823
282495842
285243787
608991188
102871968
353474025
319648566
767698440
219242205
226237554
177069265
547405611
367943270
75708259
134033829
69919343
634821191
894825930
551352978
849883236
453232270
308179673
701392636
692896373
24840560
308266678
499651407
481746299
671696752
490101144
383957338
459364214
903565232
968069628
672502860
841097336
713575315
764949861
74306230
560193567
639715095
725046998
935517986
975351773
592107268
64416399
784626225
817111713
298101418
464320878
342181279
92816923
942440853
960170496
434196540
404654822
546520739
902678478
851762994
743821214
536485037
342389064
563925147
148498228
177136274
85643946
433622618
882889384
362180801
374633025
958950324
645673198
670915131
761410213
486152314
256724745
67914210
883931440
596333816
714126384
893240995
356138411
745578565
803286199
488670609
491033108
18869318
751949800
919701167
229074803
76948824
814216939
497265528
927609887
805589794
275908739
947317248
446965545
276072942
401552820
375516466
860403673
908674318
798724259
933658764
763763952
691794447
678603611
538983888
813789192
492128732
374257657
358581271
365320812
733401633
437281324
643122828
130120790
45045973
178961292
359471939
910336842
750158596
179883407
273552209
108032233
960818120
914894674
577809037
845058880
376114607
627144932
578095308
42412816
512441718
31944550
386563518
121916537
274308990
780426458
16801370
505489680
141197808
289798247
169489080
689836514
729834570
660179299
5389190
52241842
125516010
533811659
68295463
461821650
991791635
382299168
486954103
808250385
493333960
189913121
328533688
638219239
469579385
672327300
705066416
191348403
544286187
989819875
123843133
219414548
783969318
439441051
195623530
28868974
182705188
395010689
432560954
672012865
716638991
663258381
377696212
259557657
9695270
560205369
910512255
17112426
311083178
92066882
833742301
530777187
793231295
789419144
496492334
502380018
2909518
631391847
779575265
606566611
366013457
564867351
295815425
609765306
405126957
850562733
445404206
330176560
862880707
331007279
95622318
543569139
53142180
606083484
406484818
799073525
951906362
539577681
101283487
720393214
545845762
437625789
368224044
732106589
770318030
850108140
297199195
736609026
558042895
871455493
868777006
507527133
187246749
771197687
432524160
480072447
793441763
329049847
531173503
429204058
574277143
617556820
7590715
523978528
459597576
173602619
24715464
277678406
637351282
623385984
727544427
532908872
99470578
297885871
559432599
927054225
772045592
775975702
595767033
853520183
831376538
890219424
737038226
687512740
225766993
347361848
860825590
633337536
515877924
759266560
119000046
947076520
449481072
604705556
608882919
326152714
462197750
743748607
731335141
255400714
683410022
493766569
412904479
758824109
602157496
381140376
661924506
607099717
124942358
994940030
43911705
307770685
224852822
688596931
588856208
939657950
568857294
765107683
436397683
330198431
368249255
286505117
541706787
312602660
907926322
935420838
806196923
54723389
709313228
891058486
654877649
129539495
415772464
651918496
722637697
192757666
370644517
865484120
208880598
546821152
905518142
677492954
521598961
770605874
561629866
22691756
927772215
991378398
918971004
829429552
921652549
941910972
473505291
550954863
359169725
938348115
57510527
689143490
788371852
61163739
644692765
256804848
231742646
853162173
835817651
821487641
454100100
320313656
352193869
902081279
654696094
673782546
112170920
159167108
678034002
441754598
37959998
23272819
208309321
421291995
237083744
974055883
609783086
166830799
336751501
744905229
760748451
846429294
74710186
910782895
836904923
715839025
779618340
530261746
158000082
174896663
177043725
875412751
5375863
818060984
788644661
556058348
941247452
770517908
866901931
713133133
407060183
377010529
730296641
469294005
89622830
636909032
374572503
388801918
177842567
660554653
719472437
381302878
930133467
416729390
915018873
150280054
185285348
756075977
497566301
502642321
104570414
411721741
132321597
827215094
633877241
217820279
392764035
250581620
286384253
483985793
176307241
852357106
110034528
717869412
285127780
659867522
822070044
691692470
52080225
27556016
666857862
875369033
49767617
754138246
936470772
367904261
706330493
829091959
392586192
57486485
575433019
565317835
54500627
314514799
996884678
899277828
558693314
104197784
499984546
583060493
307365115
652147961
753949898
276865408
348043343
115849333
232978643
89206868
870003378
766862793
574449496
116153011
660326220
470586198
793874623
96050910
227702018
673266040
922675040
812666299
479297869
267276
299660972
677492954
183814490
503024743
219154024
846721922
913469911
582335595
252086938
957194930
467360652
633642149
866387897
575489914
491695256
848395926
89397717
882561650
375210906
636994660
16541745
207445335
673804920
175295865
601664676
976392647
8463633
266113651
391666275
663696472
617070692
81454686
240848431
117972752
815078032
337950626
215565564
657860674
882057736
377731435
626953413
509670977
401223482
665807488
158555804
68399890
371918557
803171086
588447971
524715278
823326799
344056164
23678815
548585411
881993192
657178957
293707245
315105400
406555722
322260397
139162990
981709943
779878271
177373656
569785249
938054102
734212294
447684479
163451971
647638742
62834851
693150309
637603484
641842081
493242979
352078334
576138438
776790216
393320003
148677512
556692394
581563759
367641720
250332898
802156412
637320800
817244422
834620164
217595630
182842601
116815078
507797860
258899973
587958727
649908647
610608081
994843493
104924996
544324007
298614509
228436047
917006784
649888585
578512645
807354435
574972070
413079903
317058438
305343417
350349657
314345874
84595232
447731178
36043305
913776354
174158369
740853432
705975230
819071385
364833126
771645040
946338463
90889209
996101947
726477284
871594514
164760672
836429335
967449959
304410276
349618024
378782109
188630772
818349723
137005470
874564749
140839357
54088792
595448459
977274798
378178346
260135534
538203335
822833256
797903607
499631503
427979058
281336416
804803021
274097112
150447074
250471974
989431306
447624754
948858112
510180703
805818402
894778007
596599541
320521035
227906001
821267471
581895926
107679450
180532647
585772301
594186720
305486017
747468967
771607048
517586996
559078509
580314119
537452361
531631523
762402629
582152043
63235426
653171655
447939316
690936534
515825143
958931384
729589246
285494937
38518546
637049692
887004537
5823664
959986476
230911709
305730522
299659766
60904565
198602888
669547731
376633858
143702678
65402665
403954574
805318559
625115787
568141039
648256651
830861212
447778964
362366833
783846792
354626700
154393694
570744125
13262511
606088174
326421880
493591435
94867658
723097488
675374972
912860993
389387390
962647876
296315815
159728180
873839004
335748260
326045439
794649591
739527492
770076913
637515709
462979784
131744225
862532847
954670452
578175359
210139625
708661657
46958493
595730638
463955486
2026169
529007728
584620555
718771137
364996407
170018455
661094257
640748198
714876028
372410796
561605260
553091173
545700014
940687040
569774266
879106606
128412287
657184089
903453056
82204897
175502374
385036625
325793054
616360103
388436384
267952249
41494260
207363248
142578184
846208543
554849177
849154352
772941838
204651420
850938170
186525209
478472236
231509484
813714788
580051926
398600976
460333683
618964956
407686885
662870353
647491839
80744479
930741914
509099204
318788173
669247968
504045813
12326422
581708615
156892283
747766499
829452361
982619462
97110705
517557711
670325642
987068867
246352614
570186032
764583416
486873124
298220742
224700083
364382754
241313524
814506677
586677006
625759485
829212586
533615478
285803585
97536834
215404254
19827292
307648632
549610986
485750320
333560603
236291925
387617261
905910110
692032247
606765887
876572329
236629195
394402762
439720697
799314817
63586700
223154219
231859253
98737019
525389083
2145028
970057776
516920138
763959537
272235841
8130986
809389624
881808885
554476160
47607607
996068789
509040031
206568793
421223003
739247633
898177015
740977483
7099051
330853452
117070252
406118207
700187332
994458713
728052197
475347299
488581158
88040683
727713562
543921793
738438124
151818074
60593580
337731513
56392326
574854110
25725895
337457008
121128442
158752643
508005180
688499110
380808610
78266170
807544394
683826264
485271223
459871945
869794370
972620361
322051567
195510501
956119777
120133261
909188213
582915222
834838838
403222495
369831873
2647187
24506627
874360919
797580425
242188140
630290616
394209429
377581227
580643196
298535265
884735621
713485751
297428351
206612518
381055164
36983805
493498688
191047619
52781088
948169580
573966414
385307061
348013044
115815515
640826708
664243931
832107243
672485228
35037465
877134817
890430967
946899154
271144127
111308042
956743451
311534455
471283949
3515544
280742627
161628367
919758558
222214198
702409814
311189754
804285936
960379146
371518411
62431089
265793854
968093425
633599573
352720137
727068532
384536776
678685745
485326034
56682550
965740547
363790554
630154028
764193984
608471991
228679750
972598638
390361982
601502686
566217141
782107448
689534877
841424287
190435093
34025195
332362723
75422460
679525195
568076774
328406589
259956319
31991231
45061045
182068070
359963527
194451687
55387153
903160449
687816585
900648806
542081800
700776823
202473601
128343559
573696020
697882322
77635448
590516702
414071659
96924243
473343692
381031207
108180904
800472686
737929154
170538282
141414037
144088265
192792414
603597256
418766535
667177608
954351368
829237187
720546754
786799013
809099600
381461416
214095249
166723406
114623123
251747055
489686778
336585869
380618954
21282052
92134409
454121716
999003159
360303495
740577454
631251209
564865508
399003727
276554058
947960173
398168222
4769185
479504209
243838513
906706772
32805619
457915471
943440535
64700901
917312089
61961947
602310422
114167693
110076560
886936619
604352253
269427107
872916486
786287365
225748961
368510032
324906932
176450678
260271609
322178304
495758818
239037198
603503462
865127733
589000001
229577474
290251859
292077587
863422136
540966194
890179521
266671846
985892936
628202338
362728075
217644111
193897826
237554687
910931567
824854575
470426808
452906881
238832858
162772247
991249646
414759812
587412263
533173302
523816150
764544802
323246387
198056852
686654217
563082021
169398208
646671107
939886646
992645094
642378615
338980005
34607445
568481900
868605973
655428461
643632284
943976639
656473775
188691912
295553848
620567425
332006177
322537353
87061141
297161565
12211627
19563684
673316284
531966380
921745856
45755120
571398690
569211562
878829549
550324084
610753264
858238116
345897261
661785240
108582473
338000164
827968975
260014439
746280986
49931178
872644434
55281712
754480258
745935986
56598787
617588195
977088407
803586060
425002947
13819573
988894694
457986296
656317136
87121110
942596920
81097370
719637824
914209608
861685647
391868630
367019237
782762900
330971952
959132012
357404988
83960991
45051601
859177288
296863901
228389725
734459003
59653654
730510894
945600564
91097688
848280067
320973297
699568610
232071819
913325758
804264860
635707456
662110666
961407896
26857853
324172097
518573071
86367431
872093806
481616355
964524625
24894143
228297799
55837341
602122161
239572082
726078251
410562707
510514125
100890898
208131920
919294959
42956249
393060550
231556857
367290396
17170330
588849123
345378121
27274780
842239085
436436198
373489459
350304093
667478542
356897936
441086524
793866233
521184383
648614406
274425438
115953641
450227747
678228227
687704265
505147745
369356213
900173466
855958354
927440322
266609685
128112746
303178557
186686141
344737324
683265425
218899919
786585061
589004863
477485396
209564273
31578175
755214575
958155491
494594214
204655888
29441338
144757296
417574381
359663821
494653985
837636351
674515150
75959282
918875001
398839350
241767251
771163193
344091561
841782291
363140910
252643210
858516714
544331371
238279210
658553085
884758900
818541791
248593845
461555367
413132109
379600551
819867715
865011238
161147854
56621312
599727533
435128404
168838832
799473972
532527095
303410009
888451124
719133816
199832959
962089175
122467350
946422471
154460976
104897291
234123311
768897007
148809341
920868096
137926104
327800729
856550179
947838352
372433954
905461047
29337039
663583535
603406314
677230279
441111867
461884024
807136796
586778351
181982751
493201014
828663098
488985679
902520440
522086213
469724199
347671261
671070790
252968422
798364875
469480998
334500383
510748827
695695283
39975482
522400494
981208770
799312751
371417226
763387391
509824586
571705924
222203390
171041629
54585165
299493719
926797199
690080357
357488336
451348939
967233218
205400561
742249778
757757379
764968810
565246426
652076619
245973132
995040722
420112110
969072809
731228419
980384254
792824054
453122487
512765997
226591486
509143921
819811570
143828391
778173477
874358150
362777882
103462484
598240770
295194994
856452945
398242710
875329639
615082735
766429681
180315012
199283430
768542194
644142879
653496417
743184390
6697277
323377989
430993106
557285674
200091098
710962996
190185141
51938343
229766695
156203320
663303256
28796162
452287616
540133225
395022231
941878873
321525942
412484308
714658350
136646231
303624773
225154342
644951344
984586640
683328173
95996706
780994048
839549868
465787859
528621051
428679257
492563756
24627837
21707738
305607421
563107707
184697497
164843940
446594511
840010507
189626901
91156815
761245208
489183861
892146540
691761906
822337752
318195553
415196474
647012976
134547689
575226547
109385860
645053321
281725857
248326849
886745060
730084812
600928834
297786842
939333694
254468166
569075752
870677868
395661318
825276051
511857391
650264696
167365795
756467617
501276573
458977163
97889422
115402868
184814689
506256497
814552131
965373407
257290112
988668231
423886082
210928892
579663985
652152381
760947319
830370293
444971466
523845182
888710758
671687928
807847625
14672598
846839970
363314252
762551055
7763408
602523148
898368611
68096506
938759815
612428013
471811835
413873304
119752364
292513784
285867527
210984761
679569768
569533049
178956661
953758938
447929700
644451357
953895208
486070979
795851057
249563848
390538204
545240541
675844769
474077557
110117104
641738836
435191199
309204355
194900711
841151415
243544015
247077919
16620853
33242532
666787498
564594228
592384212
127484646
52670773
20935398
741901584
777229599
3212916
859068448
9678076
50720548
437516226
384916511
180915399
444628858
691139393
634283600
364655812
85114066
977323072
367142530
180947750
987725658
153010649
984760846
508359266
480928093
149106974
51339337
738254409
225152284
891501076
731745413
397442847
837915038
419788467
602523006
781935071
466584459
670422452
477259892
524705411
184729996
403912547
333307536
148190862
103726727
281585387
398091447
256470717
657851844
463888208
766297018
982210957
163474939
495124807
997000658
121694889
36636342
493047179
392756046
969869859
252863512
751321466
44403065
945547861
533359234
957101988
949185419
916803393
56226652
699191753
496294636
948441156
671381429
371441548
865967336
789937409
535490543
409975281
59374478
867531115
277373930
567800764
970044800
408169435
606211988
693618567
900996867
966382889
986467088
520015926
167580801
959766954
252721029
194361609
294661598
335720595
107856441
43416186
491324183
832121969
24347172
277853804
703143587
522438727
843420137
16958020
520632032
184519152
215798649
964077527
481512078
74202496
718386
515158083
926521108
869562494
847315994
686220384
876195392
340020320
224116837
836435116
574834733
489682761
598707800
62321712
536168102
739968826
411444955
504755621
145480728
137172821
9394306
324317411
485765098
436412972
254080409
321752411
442071349
686101907
572992707
110520319
846787458
928572994
656331816
488686574
96758961
188460843
205590217
49415830
607095891
830657809
547770896
719790573
677501686
70934291
991634481
312814877
645741318
203167574
569487619
402043097
153003369
363052195
713008574
744253952
111731327
729064840
144509429
199330020
70323243
393092157
341447063
586811400
947049399
385517608
71235530
963224955
371460625
616856931
275744969
224911939
36192359
695638952
891580639
643450998
260117839
167417478
563474327
162956323
152160767
334647914
298388269
658966600
828207855
476456343
83058452
74621863
325630140
161690656
550630798
800155717
719336971
342735200
696069985
768355634
908300891
161214528
719788866
549840403
761529432
60748092
736752906
965754209
55702700
758393681
853850448
69171467
325203000
911052693
671886642
331291258
493682405
413386299
449509470
901941537
480646609
912117429
843807812
451624704
78297546
999068569
862427056
187288583
840512439
618564646
919842625
709908065
33405387
736005515
326828712
560888202
290889095
166602620
384367507
739809281
643999547
323712283
184087643
882055931
558788531
825193608
493634642
162640727
646578238
807378787
153744621
645468142
523978528
580262540
697714452
917230327
748085849
487864737
403268461
261413281
10991900
898518791
989402456
757375026
499880367
473862910
563494810
78044221
412242684
821860637
690964090
74461744
131302063
645003291
681362189
239023054
868387829
123275173
142577753
877427713
350686044
860777487
670415944
394042935
334070315
946006191
770012386
454120395
761977756
195429083
192208337
125588467
593992727
755901648
930038766
227242862
509467164
967926151
679603388
447550320
791710345
474317358
796605189
746436706
520523562
8934158
906017907
352397547
304534819
209722375
34992647
871419016
856613507
727384788
834314566
448661070
236591111
408599179
721010087
605416647
684351278
165380492
589780729
952067529
619942087
727251645
564445533
9227697
869160588
72480571
306731483
350125265
466111902
132699817
760106321
487859754
55778004
710484667
105226289
426710520
413288913
43454077
528923320
637580144
645487318
475335248
285300845
578003042
368629477
945455725
998669072
955211708
707904984
31056655
77311504
195571124
235980804
627086902
584109119
735338911
955746235
671314982
545671354
610231792
973516126
874677216
436536648
965706871
255722941
318337684
946690454
263246564
917248730
931421307
344591467
530237875
873295040
593295130
848716766
380590307
608422220
804148289
865871257
126300655
2741228
269684649
428412734
380637683
700503924
386599377
937845250
847745949
656330305
985186642
145058791
143193121
10321206
18888632
656859650
511437415
10852115
651768657
286115094
445281425
938675292
980742548
566205314
498864092
652153408
672749943
636335122
667659953
866418541
994613
754351965
794890426
956329797
148657737
468589460
963650834
153000993
545751136
223485219
344068788
364984860
665955516
213538069
655609963
629620177
400086330
251586175
776306933
539065404
218091479
315135824
748536558
543728139
353341532
489892280
866460833
81424553
569258601
600071523
187600540
189487227
837643470
997648255
92865990
799735610
711351697
763088454
949622332
142640234
478880267
392171671
961954722
261195275
144194636
396575202
72348614
371032256
473830525
367105470
891223334
749509764
367468288
461264804
926583072
886000124
931697389
129044762
534132865
230759085
703579122
705948382
606221877
638976253
201827995
311217320
604142813
205876415
23391148
571862894
7498965
408938904
611939033
667109147
713908028
15446611
944531333
743038277
141230667
184077648
573625459
550047019
562699431
289245830
603418101
546306939
803839679
970561107
355621778
101655135
327447970
332337272
136531331
377732165
580728327
116054726
232078536
15588361
152433699
767027502
317392058
794575218
299961840
304690653
592634591
815392039
891960577
554008992
100665449
33392159
288678122
317314117
262715945
829360885
626165610
109551201
658324780
251783489
293351048
884646004
103662549
321202739
906463533
602974526
956710182
686592884
294134038
398161580
135250724
517081796
166100631
39732746
996114486
810118695
842321510
255351395
533894609
459364634
200491176
323760628
453979172
660326708
397816949
506873176
605633442
820450744
581342569
121283363
702333599
427441381
457798878
434151369
599362161
137586275
545808690
88185892
507526116
305612289
194076625
734679705
447962723
831966894
651953256
815669782
923952060
807408346
3876833
618096259
517859438
463865251
639063308
234674887
460570375
923991007
148161731
166342091
757370626
487838440
517986437
862673602
580229703
266451220
396857373
355288662
485768865
197790283
476592195
834084240
301001640
717478981
856904251
177519405
229265536
265816661
430587667
375898337
859857300
436100621
300472125
547897787
546470831
113139801
67091876
288299961
106796520
535274358
768250428
36207826
718944207
892222554
777067286
226792202
564379247
806637231
721609822
200182293
192821099
506536534
765707987
111072869
740183690
488583402
445907516
305643306
665787870
667400535
247002972
179005401
85657245
630501147
316141937
13459182
517625045
44659727
676321244
305244360
678211158
939344473
857584414
260804416
287457462
460265600
378563033
162084728
715946218
86405983
844992031
221617628
443610125
42702110
430483235
506699513
825005340
71070572
907429233
704608575
210758473
519038933
408620037
365329122
847218951
246368594
292583422
640573632
714929909
651460633
317701519
612943202
440731376
797353175
698614980
431062014
1157210
722959144
402986000
611744356
581413878
20190605
548592052
788109589
676142659
579812770
688731278
370254276
591121145
578735145
488838028
439164503
70160412
542344893
344366045
317921837
481222880
889063026
800310672
714203250
120883824
27193246
489269193
240366847
812549466
109298179
372145891
244944190
886204220
703836263
360831217
605803165
108468237
49158334
34194382
276615717
519931201
760472396
948992194
952429790
673260814
534067610
599899990
113532016
922044189
611006382
333925398
283610244
766328710
680715490
85859451
272742214
982832415
289805581
794953467
946557950
673613924
970760512
372709602
274338037
904115298
135753464
26703329
234353831
876859043
386978714
107657179
909193762
115732757
571647623
221654384
560379591
714720652
877276812
971830929
637318067
224504265
803913353
475793471
274106271
98634405
665935426
364114205
18707795
720368585
403873877
84707645
570913305
692398646
605502291
816000055
951514674
457855173
636999973
261080924
451876696
550555920
518852641
44683392
214177624
724382347
211312799
969248995
535420023
433643382
785742364
475597879
87535331
488876394
656357156
393175578
690236570
644101743
586193582
986399851
302885843
601928042
493702887
987650284
511049241
808266217
679896167
28174541
505828662
953163162
764751655
364168687
895766111
176837032
994224834
930101282
737522168
822793628
957691817
836928698
190934174
944551147
723140720
908451220
340003783
793339099
70827957
526648741
974646017
80174255
221182288
380344265
634127399
274750520
396870135
40513481
33982693
813178221
992333600
587192007
327328389
974204051
205613513
551646935
155732356
514258153
802313222
873632696
135677903
515303644
904422397
834564714
306721557
131935338
868709140
717692419
737808675
127719751
21270606
513311663
351592147
299336915
219668919
176498889
152246973
125653782
575235601
664660788
503616181
591436202
151346120
250973489
229812300
706185473
433967491
132955885
894534751
348355706
975610240
891252827
953921215
361417826
740357343
600199376
51544201
577106384
821063176
76162633
584926756
123237998
134361591
299657490
937790517
807380745
266229564
534625561
725163441
208569136
996163390
341801939
557671190
439858081
458799864
817842716
770881270
877417355
474928115
357935449
660437171
269558581
54448264
111000940
544303605
965619233
181317484
49952046
426227230
681875243
479118049
234723513
808483185
113441491
704148804
949867848
652423460
453546815
742051639
185318912
878607532
353459914
75499913
967910697
179391221
879441394
262839007
618639938
809798505
851189093
2601128
257373684
266960442
363228223
204117397
917583579
956570196
396302958
740007500
109641803
543715745
636261674
261627705
288679720
894371433
120389914
144205381
727630009
323181905
480832785
15444640
201344978
49189962
875240993
953624308
443022645
379989199
149279638
962127009
716095119
111174326
834885075
251791368
666964573
33280959
88924854
407951187
224244373
216884489
44408164
780562015
698443397
986818849
244269488
139339833
810293354
117846573
606822503
399559617
799662140
13194532
787481829
74960662
502093896
12563552
542507131
541101975
916358398
108756811
294254849
973923259
758174480
140159952
79164769
750484101
70260872
736254139
447319255
277403868
153769668
665195895
771580689
183296823
975301755
599320760
25019795
745597764
938674264
567693871
135832073
720231443
198325329
829718643
975048534
143871788
561000939
786057970
932469661
11753420
878388134
714518897
818658197
93214435
38167264
420015431
695392102
88620106
491459312
60148304
995999895
167370048
906167889
439026965
102756374
590985532
896947343
413456979
196192645
676922426
961416959
650268670
782620964
221473939
730448173
859005579
804380266
308717416
592471151
677778121
237688859
250040274
834155341
194562389
595535345
759369585
601101374
295368409
600947959
784265288
271100655
849143546
336197551
87459441
867790223
640490134
31575935
188037675
301453609
97260093
521262918
296811635
564361909
826307647
30486246
484726258
397986375
175078654
504971126
352407286
520606793
812266944
920476214
665135488
137446054
958324078
526610582
40748413
137571118
382052505
559520725
918101006
836417310
474795435
431250739
712895323
724443039
49363440
511143882
310491753
174307245
158253825
229245606
858635580
82818435
95711751
397846819
499380050
489082792
142481745
787335887
343957434
238548854
757652521
489082152
978309531
105351216
815510470
275508906
765349018
80645219
333337098
243310074
782269658
138861820
378552180
164815981
466461523
223658472
217138017
736342389
886334053
515080723
264631061
661958181
104783334
139370205
296975944
575377729
865623610
411109107
443078694
577532687
260699546
878477557
833380998
267892942
892153034
303941063
84866092
46894925
468395642
18167421
916114252
795356164
675356374
892221807
868682949
814191247
530954672
192480529
447963144
730986841
703123880
195787969
753625346
596903342
596866890
112815759
269041297
125315853
132179847
314413808
382565101
102768967
43342771
881844239
809856320
431929320
300860856
268185140
418938745
50286954
737197797
436191800
592035058
725202350
382623947
326819449
877923985
970512052
402899810
247028387
757615098
546878789
938763564
415679705
960164316
188713714
427754864
845066057
44985458
425992216
89125414
929806975
425188161
205437407
931441284
707719722
826005224
211961168
523864313
532620233
447591822
15394583
998699617
111840796
832796033
212307294
38888415
576080387
412198078
782583822
860549239
14401387
91148303
916599882
868987350
534230904
408836872
924771567
744373351
685144408
247900120
818292025
93882377
56677244
59778001
610884728
890952461
761478835
482930071
730964960
357819201
921248284
797847129
480481545
760953004
799458099
965773505
847442277
854848256
208247695
161798369
290963143
463398396
673656145
7710917
952283611
444182689
253457814
587092992
602820253
268746586
127936273
25564965
167670106
491624845
478033025
483158382
407100882
126938834
526532891
19842441
304083928
507766819
715049423
638596563
37727796
773301794
612483741
85130666
963709190
361340061
238329127
32208230
806736051
1072514
951597555
649778801
274965764
98510558
893318190
313836221
53023257
827941813
611450098
138912774
32162456
14037518
169408611
57467266
401798241
757084559
508710842
239580090
741773777
896848738
850005241
463183776
659042260
892718777
897562631
759625965
183128174
382113840
84897279
227415346
652344355
773425084
436390517
496242526
404427807
499132620
861775840
97513219
838133553
288463718
677024414
468163973
455036719
929458918
439603241
453323399
362143562
974589354
455248317
527920393
48014649
893227975
300697032
639214634
217144686
634016165
134203482
534852403
262490588
108378048
269159120
765183558
512126802
617502742
706836652
222548635
656660811
994922488
346063030
748185912
850179748
516074442
362730750
27597627
536010168
79008884
338215234
613086690
95486916
476828064
222619191
375983249
963156259
558519828
628723527
495425460
310757849
485829792
106087163
47870296
805422181
37373557
253541519
511701798
555196447
414073640
954028449
519002954
600931550
390688568
216468174
564532111
326498384
267078243
254731328
286382997
222634153
856830138
766947856
125764318
779506156
203870342
844733765
416317424
778304519
81858486
109467196
299678014
264094649
627390546
50008122
641558992
138443312
201531309
903541392
812786021
554976945
277921245
316926218
194430384
519144303
986264428
57146281
960844832
934783728
893137978
837797080
943891108
144490437
24838465
891939090
108592875
240138276
112104062
494177770
788266817
221295806
403589090
553507736
344876995
743452220
130418523
811218193
290025963
705071743
462462910
69211207
30123919
132476365
955374854
786904921
733988291
733525545
186111594
80066217
267783194
470099667
178855493
899373779
120990487
536740393
312908433
662048340
553758739
606100520
379495183
12139621
574122210
953768479
396269289
808874507
134140397
574190914
105379008
19054520
811742324
702267262
446142346
783925854
88066283
121547185
654483581
565338795
